{
  "RSpec": {
    "coverage": {
      "/media/ruben/info/Microverse/Rails/Group-our-transactions/spec/controllers/groups_controller_spec.rb": [
        1,
        null,
        1,
        1,
        1,
        1,
        null,
        1,
        8,
        8,
        1,
        null,
        8,
        8,
        8,
        null,
        1,
        1,
        1,
        1,
        null,
        null,
        null,
        1,
        3,
        1,
        1,
        1,
        1,
        null,
        null,
        1,
        1,
        null,
        null,
        null,
        1,
        1,
        1,
        1,
        null,
        null,
        null,
        null,
        null,
        null,
        null,
        null,
        1,
        null,
        null,
        1,
        1,
        1,
        1,
        null,
        null,
        null,
        1,
        1,
        1,
        1,
        1,
        null,
        1,
        1,
        1,
        1,
        null,
        null,
        null,
        null
      ],
      "/media/ruben/info/Microverse/Rails/Group-our-transactions/spec/rails_helper.rb": [
        null,
        1,
        1,
        1,
        null,
        1,
        1,
        1,
        1,
        1,
        null,
        1,
        0,
        null,
        null,
        1,
        null,
        null,
        null,
        null,
        null,
        null,
        null,
        null,
        null,
        null,
        null,
        null,
        null,
        null,
        null,
        null,
        null,
        null,
        null,
        null,
        1,
        null,
        0,
        0,
        null,
        1,
        null,
        1,
        null,
        null,
        null,
        null,
        1,
        null,
        null,
        null,
        null,
        null,
        null,
        null,
        null,
        null,
        null,
        null,
        null,
        null,
        null,
        null,
        null,
        null,
        1,
        null,
        null,
        1,
        null,
        null,
        null,
        null,
        null,
        null,
        null,
        null,
        null,
        null,
        null,
        null,
        null,
        null,
        null,
        null,
        null,
        null,
        null,
        null,
        null,
        null,
        null,
        null,
        null,
        1,
        null
      ],
      "/media/ruben/info/Microverse/Rails/Group-our-transactions/config/environment.rb": [
        null,
        null,
        null,
        1,
        null,
        null,
        1
      ],
      "/media/ruben/info/Microverse/Rails/Group-our-transactions/config/application.rb": [
        null,
        null,
        1,
        null,
        1,
        null,
        null,
        null,
        1,
        null,
        1,
        1,
        null,
        1,
        null,
        null,
        null,
        null,
        null,
        1,
        null,
        null,
        null
      ],
      "/media/ruben/info/Microverse/Rails/Group-our-transactions/config/boot.rb": [
        null,
        null,
        1,
        null,
        1,
        1
      ],
      "/media/ruben/info/Microverse/Rails/Group-our-transactions/config/environments/test.rb": [
        null,
        null,
        null,
        null,
        null,
        null,
        null,
        1,
        null,
        null,
        1,
        1,
        null,
        null,
        null,
        null,
        1,
        null,
        null,
        1,
        1,
        null,
        null,
        null,
        null,
        1,
        1,
        1,
        null,
        null,
        1,
        null,
        null,
        1,
        null,
        null,
        1,
        null,
        1,
        null,
        null,
        null,
        null,
        1,
        null,
        null,
        1,
        null,
        null,
        null,
        null
      ],
      "/media/ruben/info/Microverse/Rails/Group-our-transactions/config/initializers/application_controller_renderer.rb": [
        null,
        null,
        null,
        null,
        null,
        null,
        null,
        null,
        null
      ],
      "/media/ruben/info/Microverse/Rails/Group-our-transactions/config/initializers/assets.rb": [
        null,
        null,
        null,
        null,
        null,
        1,
        null,
        null,
        null,
        null,
        1,
        null,
        null,
        null,
        null,
        null
      ],
      "/media/ruben/info/Microverse/Rails/Group-our-transactions/config/initializers/backtrace_silencers.rb": [
        null,
        null,
        null,
        null,
        null,
        null,
        null,
        null
      ],
      "/media/ruben/info/Microverse/Rails/Group-our-transactions/config/initializers/content_security_policy.rb": [
        null,
        null,
        null,
        null,
        null,
        null,
        null,
        null,
        null,
        null,
        null,
        null,
        null,
        null,
        null,
        null,
        null,
        null,
        null,
        null,
        null,
        null,
        null,
        null,
        null,
        null,
        null,
        null,
        null,
        null,
        null
      ],
      "/media/ruben/info/Microverse/Rails/Group-our-transactions/config/initializers/cookies_serializer.rb": [
        null,
        null,
        null,
        null,
        null,
        null,
        1
      ],
      "/media/ruben/info/Microverse/Rails/Group-our-transactions/config/initializers/filter_parameter_logging.rb": [
        null,
        null,
        null,
        null,
        null,
        1
      ],
      "/media/ruben/info/Microverse/Rails/Group-our-transactions/config/initializers/inflections.rb": [
        null,
        null,
        null,
        null,
        null,
        null,
        null,
        null,
        null,
        null,
        null,
        null,
        null,
        null,
        null,
        null,
        null
      ],
      "/media/ruben/info/Microverse/Rails/Group-our-transactions/config/initializers/mime_types.rb": [
        null,
        null,
        null,
        null,
        null
      ],
      "/media/ruben/info/Microverse/Rails/Group-our-transactions/config/initializers/wrap_parameters.rb": [
        null,
        null,
        null,
        null,
        null,
        null,
        null,
        null,
        1,
        2,
        null,
        null,
        null,
        null,
        null,
        null
      ],
      "/media/ruben/info/Microverse/Rails/Group-our-transactions/config/routes.rb": [
        null,
        null,
        1,
        null,
        1,
        null,
        null,
        1,
        null,
        null,
        1,
        1,
        1,
        1,
        1,
        1,
        null,
        null,
        1,
        1,
        1,
        null,
        null,
        1,
        1,
        1,
        null,
        null,
        1,
        null
      ],
      "/media/ruben/info/Microverse/Rails/Group-our-transactions/app/helpers/application_helper.rb": [
        1,
        1,
        0,
        null,
        null
      ],
      "/media/ruben/info/Microverse/Rails/Group-our-transactions/app/helpers/payment_helper.rb": [
        1,
        null
      ],
      "/media/ruben/info/Microverse/Rails/Group-our-transactions/app/helpers/sessions_helper.rb": [
        1,
        1,
        58,
        null,
        null,
        1,
        23,
        16,
        null,
        7,
        null,
        null,
        null,
        1,
        0,
        null,
        null,
        1,
        16,
        null,
        null,
        1,
        0,
        0,
        null,
        null,
        1,
        0,
        0,
        null,
        null,
        1,
        0,
        null,
        null
      ],
      "/media/ruben/info/Microverse/Rails/Group-our-transactions/app/helpers/wishlists_helper.rb": [
        1,
        1,
        0,
        0,
        0,
        null,
        0,
        null,
        null,
        1,
        null,
        1,
        4,
        null,
        null,
        1,
        0,
        null,
        null,
        1,
        5,
        null,
        null,
        null
      ],
      "/media/ruben/info/Microverse/Rails/Group-our-transactions/spec/support/factory_bot.rb": [
        1,
        null,
        1,
        1,
        null,
        1,
        1,
        null,
        null
      ],
      "/media/ruben/info/Microverse/Rails/Group-our-transactions/app/controllers/groups_controller.rb": [
        1,
        1,
        1,
        null,
        1,
        3,
        null,
        null,
        1,
        null,
        1,
        0,
        null,
        null,
        1,
        null,
        1,
        2,
        2,
        2,
        null,
        2,
        1,
        1,
        0,
        null,
        1,
        null,
        null,
        null,
        1,
        2,
        2,
        1,
        1,
        0,
        null,
        1,
        null,
        null,
        null,
        1,
        null,
        1,
        2,
        null,
        null,
        1,
        4,
        null,
        null
      ],
      "/media/ruben/info/Microverse/Rails/Group-our-transactions/app/controllers/application_controller.rb": [
        1,
        1,
        null,
        1,
        null,
        1,
        0,
        0,
        null,
        null,
        1,
        16,
        null,
        0,
        0,
        0,
        null,
        null
      ],
      "/media/ruben/info/Microverse/Rails/Group-our-transactions/spec/controllers/payments_controller_spec.rb": [
        1,
        null,
        1,
        1,
        1,
        1,
        1,
        null,
        1,
        2,
        2,
        1,
        2,
        null,
        2,
        2,
        2,
        null,
        1,
        1,
        1,
        1,
        null,
        null,
        null,
        null,
        null,
        null,
        1,
        null,
        null,
        null,
        null
      ],
      "/media/ruben/info/Microverse/Rails/Group-our-transactions/app/controllers/payments_controller.rb": [
        1,
        1,
        1,
        null,
        1,
        1,
        null,
        1,
        1,
        1,
        1,
        1,
        null,
        0,
        null,
        null,
        null,
        1,
        null,
        1,
        0,
        null,
        null,
        1,
        2,
        null,
        null
      ],
      "/media/ruben/info/Microverse/Rails/Group-our-transactions/spec/controllers/users_controller_spec.rb": [
        1,
        null,
        1,
        1,
        1,
        null,
        1,
        4,
        4,
        null,
        4,
        4,
        4,
        null,
        1,
        1,
        1,
        1,
        1,
        null,
        null,
        null,
        1,
        1,
        1,
        1,
        1,
        null,
        null,
        1,
        1,
        1,
        1,
        null,
        null,
        null,
        null
      ],
      "/media/ruben/info/Microverse/Rails/Group-our-transactions/app/controllers/users_controller.rb": [
        1,
        1,
        null,
        1,
        null,
        1,
        0,
        null,
        null,
        1,
        2,
        null,
        2,
        1,
        1,
        null,
        1,
        null,
        null,
        null,
        1,
        null,
        1,
        0,
        null,
        null,
        1,
        2,
        null,
        null
      ],
      "/media/ruben/info/Microverse/Rails/Group-our-transactions/spec/controllers/wishlists_controller_spec.rb": [
        1,
        null,
        1,
        1,
        1,
        1,
        1,
        null,
        1,
        9,
        9,
        1,
        2,
        null,
        9,
        9,
        9,
        null,
        1,
        3,
        1,
        1,
        1,
        1,
        null,
        null,
        1,
        1,
        null,
        null,
        null,
        1,
        1,
        1,
        1,
        null,
        null,
        null,
        null,
        null,
        null,
        null,
        1,
        null,
        null,
        1,
        1,
        1,
        null,
        null,
        null,
        null,
        null,
        null,
        null,
        1,
        null,
        null,
        null,
        1,
        1,
        1,
        1,
        1,
        null,
        1,
        1,
        1,
        1,
        null,
        null,
        1,
        1,
        1,
        null,
        null,
        null,
        null,
        null,
        null,
        null,
        1,
        null,
        null,
        null,
        1,
        2,
        1,
        1,
        null,
        null,
        null,
        null
      ],
      "/media/ruben/info/Microverse/Rails/Group-our-transactions/app/controllers/wishlists_controller.rb": [
        1,
        1,
        1,
        1,
        1,
        null,
        1,
        2,
        null,
        null,
        1,
        0,
        null,
        null,
        1,
        0,
        0,
        null,
        null,
        1,
        0,
        0,
        null,
        null,
        1,
        0,
        null,
        null,
        1,
        1,
        null,
        null,
        1,
        0,
        0,
        0,
        null,
        null,
        1,
        0,
        null,
        null,
        1,
        2,
        2,
        2,
        2,
        null,
        2,
        1,
        1,
        null,
        1,
        1,
        0,
        null,
        1,
        null,
        null,
        null,
        1,
        3,
        null,
        3,
        1,
        1,
        1,
        null,
        null,
        0,
        null,
        1,
        2,
        1,
        null,
        1,
        null,
        null,
        null
      ],
      "/media/ruben/info/Microverse/Rails/Group-our-transactions/spec/models/group_spec.rb": [
        1,
        null,
        1,
        1,
        1,
        1,
        1,
        null,
        1,
        1,
        1,
        null,
        1,
        1,
        1,
        null,
        null,
        1,
        1,
        1,
        null,
        null,
        1,
        1,
        1,
        1,
        null,
        null,
        null,
        1,
        1,
        1,
        1,
        1,
        null,
        null,
        null,
        null
      ],
      "/media/ruben/info/Microverse/Rails/Group-our-transactions/app/models/group.rb": [
        1,
        1,
        1,
        1,
        null,
        1,
        null,
        null,
        null,
        null,
        1,
        null
      ],
      "/media/ruben/info/Microverse/Rails/Group-our-transactions/app/models/application_record.rb": [
        1,
        1,
        null
      ],
      "/media/ruben/info/Microverse/Rails/Group-our-transactions/spec/models/user_spec.rb": [
        1,
        null,
        1,
        1,
        1,
        1,
        null,
        1,
        1,
        1,
        null,
        1,
        1,
        1,
        null,
        1,
        1,
        1,
        1,
        null,
        null,
        null,
        1,
        1,
        1,
        1,
        1,
        null,
        null,
        1,
        1,
        1,
        1,
        null,
        null,
        null,
        1,
        1,
        1,
        1,
        1,
        null,
        1,
        1,
        1,
        1,
        null,
        null,
        null,
        1,
        1,
        1,
        null,
        null,
        null,
        null
      ],
      "/media/ruben/info/Microverse/Rails/Group-our-transactions/app/models/user.rb": [
        1,
        1,
        1,
        null,
        1,
        null,
        null,
        null,
        null,
        1,
        2,
        null,
        null,
        1,
        0,
        0,
        0,
        null,
        0,
        null,
        null,
        1,
        2,
        null,
        null,
        1,
        0,
        null,
        null
      ],
      "/media/ruben/info/Microverse/Rails/Group-our-transactions/spec/models/wishlist_spec.rb": [
        1,
        1,
        1,
        1,
        1,
        null,
        1,
        1,
        1,
        null,
        1,
        1,
        1,
        null,
        null,
        1,
        1,
        1,
        null,
        null,
        1,
        1,
        1,
        1,
        null,
        null,
        null,
        1,
        1,
        1,
        1,
        1,
        null,
        1,
        1,
        1,
        1,
        null,
        null,
        null,
        null
      ],
      "/media/ruben/info/Microverse/Rails/Group-our-transactions/app/models/wishlist.rb": [
        1,
        1,
        5,
        1,
        null,
        1,
        null,
        null,
        null,
        null,
        1,
        null,
        null,
        null,
        1,
        3,
        0,
        null,
        3,
        null,
        null,
        null
      ],
      "/media/ruben/info/Microverse/Rails/Group-our-transactions/spec/routing/groups_routing_spec.rb": [
        1,
        null,
        1,
        1,
        1,
        1,
        null,
        null,
        1,
        1,
        null,
        null,
        1,
        1,
        null,
        null,
        1,
        1,
        null,
        null,
        1,
        1,
        null,
        null,
        1,
        1,
        null,
        null,
        1,
        1,
        null,
        null,
        null
      ],
      "/media/ruben/info/Microverse/Rails/Group-our-transactions/spec/routing/users_routing_spec.rb": [
        1,
        null,
        1,
        1,
        1,
        1,
        null,
        null,
        1,
        1,
        null,
        null,
        1,
        1,
        null,
        null,
        null
      ],
      "/media/ruben/info/Microverse/Rails/Group-our-transactions/spec/routing/wishlists_routing_spec.rb": [
        1,
        null,
        1,
        1,
        1,
        1,
        null,
        null,
        1,
        1,
        null,
        null,
        1,
        1,
        null,
        null,
        1,
        1,
        null,
        null,
        1,
        1,
        null,
        null,
        1,
        1,
        null,
        null,
        1,
        1,
        null,
        null,
        null
      ],
      "/media/ruben/info/Microverse/Rails/Group-our-transactions/spec/views/groups/edit.html.erb_spec.rb": [
        1,
        null,
        1,
        1,
        null,
        1,
        2,
        null,
        null,
        1,
        1,
        1,
        1,
        null,
        null,
        null,
        1,
        1,
        1,
        1,
        1,
        null,
        null
      ],
      "/media/ruben/info/Microverse/Rails/Group-our-transactions/spec/views/groups/index.html.erb_spec.rb": [
        1,
        null,
        1,
        1,
        null,
        1,
        1,
        null,
        null,
        1,
        1,
        1,
        1,
        1,
        1,
        1,
        null,
        null
      ],
      "/media/ruben/info/Microverse/Rails/Group-our-transactions/spec/views/groups/new.html.erb_spec.rb": [
        1,
        null,
        1,
        1,
        null,
        1,
        1,
        null,
        null,
        1,
        1,
        1,
        1,
        null,
        null,
        null
      ],
      "/media/ruben/info/Microverse/Rails/Group-our-transactions/spec/views/groups/show.html.erb_spec.rb": [
        1,
        null,
        1,
        1,
        null,
        1,
        1,
        null,
        null,
        1,
        1,
        1,
        1,
        1,
        null,
        null
      ],
      "/media/ruben/info/Microverse/Rails/Group-our-transactions/spec/views/users/edit.html.erb_spec.rb": [
        1,
        null,
        1,
        1,
        null,
        1,
        1,
        null,
        null,
        1,
        1,
        null,
        1,
        1,
        null,
        null,
        null
      ],
      "/media/ruben/info/Microverse/Rails/Group-our-transactions/spec/views/users/index.html.erb_spec.rb": [
        1,
        null,
        1,
        1,
        1,
        null,
        1,
        0,
        null,
        null
      ],
      "/media/ruben/info/Microverse/Rails/Group-our-transactions/spec/views/users/new.html.erb_spec.rb": [
        1,
        null,
        1,
        1,
        1,
        1,
        null,
        null,
        1,
        1,
        null,
        1,
        1,
        null,
        null,
        null
      ],
      "/media/ruben/info/Microverse/Rails/Group-our-transactions/spec/views/users/show.html.erb_spec.rb": [
        1,
        null,
        1,
        1,
        null,
        1,
        1,
        null,
        null,
        1,
        1,
        1,
        null,
        null
      ],
      "/media/ruben/info/Microverse/Rails/Group-our-transactions/spec/views/wishlists/edit.html.erb_spec.rb": [
        1,
        null,
        1,
        1,
        1,
        null,
        1,
        1,
        1,
        1,
        null,
        null,
        1,
        1,
        null,
        1,
        1,
        null,
        1,
        null,
        null,
        null
      ],
      "/media/ruben/info/Microverse/Rails/Group-our-transactions/spec/views/wishlists/index.html.erb_spec.rb": [
        1,
        null,
        1,
        1,
        1,
        null,
        1,
        1,
        1,
        null,
        null,
        1,
        1,
        1,
        1,
        null,
        null
      ],
      "/media/ruben/info/Microverse/Rails/Group-our-transactions/spec/views/wishlists/new.html.erb_spec.rb": [
        1,
        null,
        1,
        1,
        1,
        null,
        1,
        1,
        1,
        1,
        null,
        null,
        1,
        1,
        null,
        1,
        1,
        null,
        1,
        null,
        null,
        null
      ],
      "/media/ruben/info/Microverse/Rails/Group-our-transactions/spec/views/wishlists/show.html.erb_spec.rb": [
        1,
        null,
        1,
        1,
        null,
        1,
        1,
        null,
        null,
        1,
        1,
        1,
        1,
        null,
        null
      ],
      "/media/ruben/info/Microverse/Rails/Group-our-transactions/spec/factories/groups.rb": [
        1,
        1,
        3,
        3,
        3,
        null,
        null
      ],
      "/media/ruben/info/Microverse/Rails/Group-our-transactions/spec/factories/payments.rb": [
        1,
        1,
        2,
        2,
        2,
        null,
        null
      ],
      "/media/ruben/info/Microverse/Rails/Group-our-transactions/spec/factories/users.rb": [
        1,
        1,
        23,
        null,
        null
      ],
      "/media/ruben/info/Microverse/Rails/Group-our-transactions/spec/factories/wishlists.rb": [
        1,
        1,
        3,
        3,
        3,
        null,
        null
      ],
      "/media/ruben/info/Microverse/Rails/Group-our-transactions/app/models/payment.rb": [
        1,
        1,
        null
      ],
      "/media/ruben/info/Microverse/Rails/Group-our-transactions/app/models/wishlists_group.rb": [
        1,
        1,
        1,
        null
      ]
    },
    "timestamp": 1598557049
  }
}
